This is pdfTeX, Version 3.1415926-2.5-1.40.14 (TeX Live 2013) (format=pdflatex 2013.5.30)  16 FEB 2014 21:09
entering extended mode
 restricted \write18 enabled.
 file:line:error style messages enabled.
 %&-line parsing enabled.
**lim.tex
(./lim.tex
LaTeX2e <2011/06/27>
Babel <3.9f> and hyphenation patterns for 78 languages loaded.
(./emulateapj.cls
Document Class: emulateapj 
\bibbaselineskip=\skip41
(/usr/local/texlive/2013/texmf-dist/tex/latex/revtex4/revtex4.cls
Document Class: revtex4 2001/08/02 v4.0 (http://publish.aps.org/revtex4/ for do
cumentation)
 Copyright (c) 2001 The American Physical Society.
 mailto:revtex@aps.org
 Licensed under the LPPL:
http://www.ctan.org/tex-archive/macros/latex/base/lppl.txt
 Arthur Ogawa <ogawa@teleport.com>
 Based on work by David Carlisle <david@dcarlisle.demon.co.uk>.
ltxutil: portions licensed from W. E. Baxter (web@superscript.com)
Class revtex4 Info: Repairing broken LateX \@sect on input line 596.
\intertabularlinepenalty=\count79
\@tbpen=\count80
\@arstrutbox@hline=\box26
Class revtex4 Info: Repairing broken LaTeX \@xbitor on input line 1610.
ltxgrid: portions licensed from W. E. Baxter (web@superscript.com)
\c@linecount=\count81
\output=\toks14
\@protection@box=\box27
\@topmark@saved=\toks15
\footins@saved=\box28
\pagesofar=\box29
\footbox=\box30
\pagegrid@col=\count82
Class revtex4 Info: Incorporating package {textcase}  [1998/11/12 v0.06 Text on
ly upper/lower case changing (DPC)]. on input line 3682.
(/usr/local/texlive/2013/texmf-dist/tex/latex/url/url.sty
\Urlmuskip=\muskip10
Package: url 2006/04/12  ver 3.3  Verb mode for urls, etc.
)
\c@affil=\count83
\absbox=\box31
\c@part=\count84
\c@section=\count85
\c@subsection=\count86
\c@subsubsection=\count87
\c@paragraph=\count88
\c@subparagraph=\count89
\abovecaptionskip=\skip42
\belowcaptionskip=\skip43
\c@figure=\count90
\c@table=\count91

(/usr/local/texlive/2013/texmf-dist/tex/latex/natbib/natbib.sty
Package: natbib 2010/09/13 8.31b (PWD, AO)
\bibhang=\skip44
\bibsep=\skip45
LaTeX Info: Redefining \cite on input line 694.
\c@NAT@ctr=\count92
)
\widetext@top=\box32
\widetext@bot=\box33

(/usr/local/texlive/2013/texmf-dist/tex/latex/revtex4/revsymb.sty
Package: revsymb 2001/08/02 v4.0 (http://publish.aps.org/revtex4/ for documenta
tion)
LaTeX Info: Redefining \REV@mathfrak on input line 118.
))

Class revtex4 Warning: No Society specified, using generic APS style.

(/usr/local/texlive/2013/texmf-dist/tex/latex/revtex4/aps.rtx
File: aps.rtx 2001/08/02 v4.0 (http://publish.aps.org/revtex4/ for documentatio
n)
)
(/usr/local/texlive/2013/texmf-dist/tex/latex/revtex4/10pt.rtx
File: 10pt.rtx 2001/08/02 v4.0 (http://publish.aps.org/revtex4/ for documentati
on)
)
(/usr/local/texlive/2013/texmf-dist/tex/latex/base/latexsym.sty
Package: latexsym 1998/08/17 v2.2e Standard LaTeX package (lasy symbols)
\symlasy=\mathgroup4
LaTeX Font Info:    Overwriting symbol font `lasy' in version `bold'
(Font)                  U/lasy/m/n --> U/lasy/b/n on input line 47.
)
(/usr/local/texlive/2013/texmf-dist/tex/latex/graphics/graphicx.sty
Package: graphicx 1999/02/16 v1.0f Enhanced LaTeX Graphics (DPC,SPQR)

(/usr/local/texlive/2013/texmf-dist/tex/latex/graphics/keyval.sty
Package: keyval 1999/03/16 v1.13 key=value parser (DPC)
\KV@toks@=\toks16
)
(/usr/local/texlive/2013/texmf-dist/tex/latex/graphics/graphics.sty
Package: graphics 2009/02/05 v1.0o Standard LaTeX Graphics (DPC,SPQR)

(/usr/local/texlive/2013/texmf-dist/tex/latex/graphics/trig.sty
Package: trig 1999/03/16 v1.09 sin cos tan (DPC)
)
(/usr/local/texlive/2013/texmf-dist/tex/latex/latexconfig/graphics.cfg
File: graphics.cfg 2010/04/23 v1.9 graphics configuration of TeX Live
)
Package graphics Info: Driver file: pdftex.def on input line 91.

(/usr/local/texlive/2013/texmf-dist/tex/latex/pdftex-def/pdftex.def
File: pdftex.def 2011/05/27 v0.06d Graphics/color for pdfTeX

(/usr/local/texlive/2013/texmf-dist/tex/generic/oberdiek/infwarerr.sty
Package: infwarerr 2010/04/08 v1.3 Providing info/warning/error messages (HO)
)
(/usr/local/texlive/2013/texmf-dist/tex/generic/oberdiek/ltxcmds.sty
Package: ltxcmds 2011/11/09 v1.22 LaTeX kernel commands for general use (HO)
)
\Gread@gobject=\count93
))
\Gin@req@height=\dimen102
\Gin@req@width=\dimen103
)
(/usr/local/texlive/2013/texmf-dist/tex/latex/amsfonts/amssymb.sty
Package: amssymb 2013/01/14 v3.01 AMS font symbols

(/usr/local/texlive/2013/texmf-dist/tex/latex/amsfonts/amsfonts.sty
Package: amsfonts 2013/01/14 v3.01 Basic AMSFonts support
\@emptytoks=\toks17
\symAMSa=\mathgroup5
\symAMSb=\mathgroup6
LaTeX Font Info:    Overwriting math alphabet `\mathfrak' in version `bold'
(Font)                  U/euf/m/n --> U/euf/b/n on input line 106.
LaTeX Info: Redefining \frak on input line 111.
LaTeX Info: Redefining \Bbb on input line 113.
))
(/usr/local/texlive/2013/texmf-dist/tex/latex/tools/longtable.sty
Package: longtable 2004/02/01 v4.11 Multi-page Table package (DPC)
\LTleft=\skip46
\LTright=\skip47
\LTpre=\skip48
\LTpost=\skip49
\LTchunksize=\count94
\LTcapwidth=\dimen104
\LT@head=\box34
\LT@firsthead=\box35
\LT@foot=\box36
\LT@lastfoot=\box37
\LT@cols=\count95
\LT@rows=\count96
\c@LT@tables=\count97
\c@LT@chunks=\count98
\LT@p@ftn=\toks18
)
(/usr/local/texlive/2013/texmf-dist/tex/generic/epsf/epsf.sty
This is `epsf.tex' v2.7.4 <14 February 2011>
\epsffilein=\read1
\epsfframemargin=\dimen105
\epsfframethickness=\dimen106
\epsfrsize=\dimen107
\epsftmp=\dimen108
\epsftsize=\dimen109
\epsfxsize=\dimen110
\epsfysize=\dimen111
\pspoints=\dimen112
)
\c@front@matter@foot@note=\count99
\alt@affil@toks=\toks19
\alt@affil@toks@count=\toks20
\keys@width=\skip50
\c@lastfootnote=\count100
\c@remember@figure@num=\count101
\c@remember@table@num=\count102
\bibindent=\dimen113
\plot@width=\skip51
\c@table@save=\count103
\table@note@skip=\skip52
\deluxe@table@width=\skip53
\@d@t@a=\skip54
\c@deluxe@table@num=\count104
\abovedeluxetableskip=\skip55
\belowdeluxetableskip=\skip56
\lastrowheight=\dimen114
\DT@p@ftn=\toks21
\pt@column=\count105
\pt@ncol=\count106
) (/usr/local/texlive/2013/texmf-dist/tex/latex/rotating/rotating.sty
Package: rotating 2009/03/28 v2.16a rotated objects in LaTeX

(/usr/local/texlive/2013/texmf-dist/tex/latex/base/ifthen.sty
Package: ifthen 2001/05/26 v1.1c Standard LaTeX ifthen package (DPC)
)
\c@r@tfl@t=\count107
\rotFPtop=\skip57
\rotFPbot=\skip58
\rot@float@box=\box38
\rot@mess@toks=\toks22
)
(/usr/local/texlive/2013/texmf-dist/tex/latex/amsmath/amsmath.sty
Package: amsmath 2013/01/14 v2.14 AMS math features
\@mathmargin=\skip59

For additional information on amsmath, use the `?' option.
(/usr/local/texlive/2013/texmf-dist/tex/latex/amsmath/amstext.sty
Package: amstext 2000/06/29 v2.01

(/usr/local/texlive/2013/texmf-dist/tex/latex/amsmath/amsgen.sty
File: amsgen.sty 1999/11/30 v2.0
\@emptytoks=\toks23
\ex@=\dimen115
))
(/usr/local/texlive/2013/texmf-dist/tex/latex/amsmath/amsbsy.sty
Package: amsbsy 1999/11/29 v1.2d
\pmbraise@=\dimen116
)
(/usr/local/texlive/2013/texmf-dist/tex/latex/amsmath/amsopn.sty
Package: amsopn 1999/12/14 v2.01 operator names
)
\inf@bad=\count108
LaTeX Info: Redefining \frac on input line 210.
\uproot@=\count109
\leftroot@=\count110
LaTeX Info: Redefining \overline on input line 306.
\classnum@=\count111
\DOTSCASE@=\count112
LaTeX Info: Redefining \ldots on input line 378.
LaTeX Info: Redefining \dots on input line 381.
LaTeX Info: Redefining \cdots on input line 466.
\Mathstrutbox@=\box39
\strutbox@=\box40
\big@size=\dimen117
LaTeX Font Info:    Redeclaring font encoding OML on input line 566.
LaTeX Font Info:    Redeclaring font encoding OMS on input line 567.
\macc@depth=\count113
\c@MaxMatrixCols=\count114
\dotsspace@=\muskip11
\c@parentequation=\count115
\dspbrk@lvl=\count116
\tag@help=\toks24
\row@=\count117
\column@=\count118
\maxfields@=\count119
\andhelp@=\toks25
\eqnshift@=\dimen118
\alignsep@=\dimen119
\tagshift@=\dimen120
\tagwidth@=\dimen121
\totwidth@=\dimen122
\lineht@=\dimen123
\@envbody=\toks26
\multlinegap=\skip60
\multlinetaggap=\skip61
\mathdisplay@stack=\toks27
LaTeX Info: Redefining \[ on input line 2665.
LaTeX Info: Redefining \] on input line 2666.
)
(/usr/local/texlive/2013/texmf-dist/tex/latex/multirow/multirow.sty
\bigstrutjot=\dimen124
)

./lim.tex:47: LaTeX Error: Command \Check already defined.
               Or name \end... illegal, see p.192 of the manual.

See the LaTeX manual or LaTeX Companion for explanation.
Type  H <return>  for immediate help.
 ...                                              
                                                  
l.47 \newcommand{\Check}{{\bf ???}}
                                   
? 

LaTeX Warning: Unused global option(s):
    [12pt,preprint].

(./lim.aux

LaTeX Warning: Label `' multiply defined.


LaTeX Warning: Label `' multiply defined.


LaTeX Warning: Label `' multiply defined.


LaTeX Warning: Label `' multiply defined.


LaTeX Warning: Label `' multiply defined.


LaTeX Warning: Label `fig:bethermin_fir_frac' multiply defined.


LaTeX Warning: Label `' multiply defined.


LaTeX Warning: Label `fig:bethermin_fir_frac' multiply defined.


LaTeX Warning: Label `' multiply defined.


LaTeX Warning: Label `fig:bethermin_fir_frac' multiply defined.

)
\openout1 = `lim.aux'.

LaTeX Font Info:    Checking defaults for OML/cmm/m/it on input line 92.
LaTeX Font Info:    ... okay on input line 92.
LaTeX Font Info:    Checking defaults for T1/cmr/m/n on input line 92.
LaTeX Font Info:    ... okay on input line 92.
LaTeX Font Info:    Checking defaults for OT1/cmr/m/n on input line 92.
LaTeX Font Info:    ... okay on input line 92.
LaTeX Font Info:    Checking defaults for OMS/cmsy/m/n on input line 92.
LaTeX Font Info:    ... okay on input line 92.
LaTeX Font Info:    Checking defaults for OMX/cmex/m/n on input line 92.
LaTeX Font Info:    ... okay on input line 92.
LaTeX Font Info:    Checking defaults for U/cmr/m/n on input line 92.
LaTeX Font Info:    ... okay on input line 92.
Class revtex4 Info: Patching LaTeX tabular. on input line 92.
Class revtex4 Info: Patching unrecognized longtable package. (Proceeding with f
ingers crossed) on input line 92.
Class revtex4 Info: cite was not loaded (OK!) on input line 92.
Class revtex4 Info: multicol was not loaded (OK!) on input line 92.
 (/usr/local/texlive/2013/texmf-dist/tex/context/base/supp-pdf.mkii
[Loading MPS to PDF converter (version 2006.09.02).]
\scratchcounter=\count120
\scratchdimen=\dimen125
\scratchbox=\box41
\nofMPsegments=\count121
\nofMParguments=\count122
\everyMPshowfont=\toks28
\MPscratchCnt=\count123
\MPscratchDim=\dimen126
\MPnumerator=\count124
\makeMPintoPDFobject=\count125
\everyMPtoPDFconversion=\toks29
) (/usr/local/texlive/2013/texmf-dist/tex/generic/oberdiek/pdftexcmds.sty
Package: pdftexcmds 2011/11/29 v0.20 Utility functions of pdfTeX for LuaTeX (HO
)

(/usr/local/texlive/2013/texmf-dist/tex/generic/oberdiek/ifluatex.sty
Package: ifluatex 2010/03/01 v1.3 Provides the ifluatex switch (HO)
Package ifluatex Info: LuaTeX not detected.
)
(/usr/local/texlive/2013/texmf-dist/tex/generic/oberdiek/ifpdf.sty
Package: ifpdf 2011/01/30 v2.3 Provides the ifpdf switch (HO)
Package ifpdf Info: pdfTeX in PDF mode is detected.
)
Package pdftexcmds Info: LuaTeX not detected.
Package pdftexcmds Info: \pdf@primitive is available.
Package pdftexcmds Info: \pdf@ifprimitive is available.
Package pdftexcmds Info: \pdfdraftmode found.
)
(/usr/local/texlive/2013/texmf-dist/tex/latex/oberdiek/epstopdf-base.sty
Package: epstopdf-base 2010/02/09 v2.5 Base part for package epstopdf

(/usr/local/texlive/2013/texmf-dist/tex/latex/oberdiek/grfext.sty
Package: grfext 2010/08/19 v1.1 Manage graphics extensions (HO)

(/usr/local/texlive/2013/texmf-dist/tex/generic/oberdiek/kvdefinekeys.sty
Package: kvdefinekeys 2011/04/07 v1.3 Define keys (HO)
))
(/usr/local/texlive/2013/texmf-dist/tex/latex/oberdiek/kvoptions.sty
Package: kvoptions 2011/06/30 v3.11 Key value format for package options (HO)

(/usr/local/texlive/2013/texmf-dist/tex/generic/oberdiek/kvsetkeys.sty
Package: kvsetkeys 2012/04/25 v1.16 Key value parser (HO)

(/usr/local/texlive/2013/texmf-dist/tex/generic/oberdiek/etexcmds.sty
Package: etexcmds 2011/02/16 v1.5 Avoid name clashes with e-TeX commands (HO)
Package etexcmds Info: Could not find \expanded.
(etexcmds)             That can mean that you are not using pdfTeX 1.50 or
(etexcmds)             that some package has redefined \expanded.
(etexcmds)             In the latter case, load this package earlier.
)))
Package grfext Info: Graphics extension search list:
(grfext)             [.png,.pdf,.jpg,.mps,.jpeg,.jbig2,.jb2,.PNG,.PDF,.JPG,.JPE
G,.JBIG2,.JB2,.eps]
(grfext)             \AppendGraphicsExtensions on input line 452.

(/usr/local/texlive/2013/texmf-dist/tex/latex/latexconfig/epstopdf-sys.cfg
File: epstopdf-sys.cfg 2010/07/13 v1.3 Configuration of (r)epstopdf for TeX Liv
e
))

Class revtex4 Warning: Assuming \noaffiliation for B.\nobreakspace {}D.\nobreak
space {}Uzgil\textsuperscript {1}J.\nobreakspace {}E.\nobreakspace {}Aguirre\te
xtsuperscript {1}C.\nobreakspace {}M.\nobreakspace {}Bradford\textsuperscript {
2}.

LaTeX Font Info:    Try loading font information for U+lasy on input line 126.
(/usr/local/texlive/2013/texmf-dist/tex/latex/base/ulasy.fd
File: ulasy.fd 1998/08/17 v2.2e LaTeX symbol font definitions
)
LaTeX Font Info:    Try loading font information for U+msa on input line 126.

(/usr/local/texlive/2013/texmf-dist/tex/latex/amsfonts/umsa.fd
File: umsa.fd 2013/01/14 v3.01 AMS symbols A
)
LaTeX Font Info:    Try loading font information for U+msb on input line 126.

(/usr/local/texlive/2013/texmf-dist/tex/latex/amsfonts/umsb.fd
File: umsb.fd 2013/01/14 v3.01 AMS symbols B
)

Package natbib Warning: Citation `bethermin' on page 1 undefined on input line 
132.


Package natbib Warning: Citation `viero' on page 1 undefined on input line 132.


[1{/usr/local/texlive/2013/texmf-var/fonts/map/pdftex/updmap/pdftex.map}]
Overfull \hbox (24.31284pt too wide) detected at line 174
\OML/cmm/m/it/10 P[]\OT1/cmr/m/n/10 (\OML/cmm/m/it/10 z\OT1/cmr/m/n/10 ) = [][]
 d\OML/cmm/m/it/10 L[]\OT1/cmr/m/n/10 ^^H(\OML/cmm/m/it/10 L[]; z\OT1/cmr/m/n/1
0 )[][][] [][]
 []

./lim.tex:200: Undefined control sequence.
l.200  \subfloat
                {
? 
<b11_spinoglio_intensity_jysr_vs_z.pdf, id=20, 505.89pt x 361.35pt>
File: b11_spinoglio_intensity_jysr_vs_z.pdf Graphic file (type pdf)

<use b11_spinoglio_intensity_jysr_vs_z.pdf>
Package pdftex.def Info: b11_spinoglio_intensity_jysr_vs_z.pdf used on input li
ne 202.
(pdftex.def)             Requested size: 205.24384pt x 146.60509pt.

./lim.tex:203: Undefined control sequence.
l.203  \subfloat
                {
? 
<intensity_vs_lambda_vs_Hz.pdf, id=21, 505.89pt x 361.35pt>
File: intensity_vs_lambda_vs_Hz.pdf Graphic file (type pdf)

<use intensity_vs_lambda_vs_Hz.pdf>
Package pdftex.def Info: intensity_vs_lambda_vs_Hz.pdf used on input line 205.
(pdftex.def)             Requested size: 205.24384pt x 146.60509pt.

Underfull \hbox (badness 10000) in paragraph at lines 207--207
$[]$
 []


Underfull \hbox (badness 10000) in paragraph at lines 207--207

 []


LaTeX Warning: `h' float specifier changed to `ht'.

[2]

LaTeX Warning: A float is stuck (cannot be placed) on input line 237.


LaTeX Warning: A float is stuck (cannot be placed) on input line 237.


Class revtex4 Warning: Deferred float stuck during \clearpage processing.


Underfull \hbox (badness 10000) in paragraph at lines 272--272
$[]$
 []


Underfull \hbox (badness 10000) in paragraph at lines 272--272

 []

./lim.tex:276: Missing $ inserted.
<inserted text> 
                $
l.276 ...$)&\multicolumn{6}{c}{6.27 $\times$ 10^3}
                                                  \\
? 
./lim.tex:276: Extra }, or forgotten $.
\@preamble ...ignorespaces \@sharp \unskip \hfil }
                                                  \hskip \tabrightsep \relax 
l.276 ...$)&\multicolumn{6}{c}{6.27 $\times$ 10^3}
                                                  \\
? 
./lim.tex:276: Missing $ inserted.
<inserted text> 
                $
l.276 ...$)&\multicolumn{6}{c}{6.27 $\times$ 10^3}
                                                  \\
? 
./lim.tex:276: Missing } inserted.
<inserted text> 
                }
l.276 ...$)&\multicolumn{6}{c}{6.27 $\times$ 10^3}
                                                  \\
? 
./lim.tex:282: Missing $ inserted.
<inserted text> 
                $
l.282 ...$)&\multicolumn{2}{c}{4.02 $\times$ 10^4}
                                                  &\multicolumn{2}{c}{4.02 $...

? 
./lim.tex:282: Extra }, or forgotten $.
\@preamble ...ignorespaces \@sharp \unskip \hfil }
                                                  \hskip \tabrightsep \relax 
l.282 ...$)&\multicolumn{2}{c}{4.02 $\times$ 10^4}
                                                  &\multicolumn{2}{c}{4.02 $...

? 
./lim.tex:282: Missing $ inserted.
<inserted text> 
                $
l.282 ...$)&\multicolumn{2}{c}{4.02 $\times$ 10^4}
                                                  &\multicolumn{2}{c}{4.02 $...

? 
./lim.tex:282: Missing } inserted.
<inserted text> 
                }
l.282 ...$)&\multicolumn{2}{c}{4.02 $\times$ 10^4}
                                                  &\multicolumn{2}{c}{4.02 $...

? 
./lim.tex:282: Missing $ inserted.
<inserted text> 
                $
l.282 ...4}&\multicolumn{2}{c}{4.02 $\times$ 10^5}
                                                  &\multicolumn{2}{c}{4.02 $...

? 
./lim.tex:282: Extra }, or forgotten $.
\@preamble ...ignorespaces \@sharp \unskip \hfil }
                                                  \hskip \tabrightsep \relax 
l.282 ...4}&\multicolumn{2}{c}{4.02 $\times$ 10^5}
                                                  &\multicolumn{2}{c}{4.02 $...

? 
./lim.tex:282: Missing $ inserted.
<inserted text> 
                $
l.282 ...4}&\multicolumn{2}{c}{4.02 $\times$ 10^5}
                                                  &\multicolumn{2}{c}{4.02 $...

? 
./lim.tex:282: Missing } inserted.
<inserted text> 
                }
l.282 ...4}&\multicolumn{2}{c}{4.02 $\times$ 10^5}
                                                  &\multicolumn{2}{c}{4.02 $...

? 
./lim.tex:282: Missing $ inserted.
<inserted text> 
                $
l.282 ...5}&\multicolumn{2}{c}{4.02 $\times$ 10^6}
                                                  \\
? 
./lim.tex:282: Extra }, or forgotten $.
\@preamble ...ignorespaces \@sharp \unskip \hfil }
                                                  \hskip \tabrightsep \relax 
l.282 ...5}&\multicolumn{2}{c}{4.02 $\times$ 10^6}
                                                  \\
? 
./lim.tex:282: Missing $ inserted.
<inserted text> 
                $
l.282 ...5}&\multicolumn{2}{c}{4.02 $\times$ 10^6}
                                                  \\
? 
./lim.tex:282: Missing } inserted.
<inserted text> 
                }
l.282 ...5}&\multicolumn{2}{c}{4.02 $\times$ 10^6}
                                                  \\
? 
./lim.tex:288: Extra }, or forgotten $.
<template> \unskip \hfil }
                          \hskip \tabrightsep \relax \endtemplate 
l.288   $
         P_N^{voxel}$ (10$^{10}$ Jy$^2$ sr$^{-2}$ Mpc$^3$ h$^{-3}$)  & 2.63 ...

? 
./lim.tex:288: Missing $ inserted.
<inserted text> 
                $
l.288   $
         P_N^{voxel}$ (10$^{10}$ Jy$^2$ sr$^{-2}$ Mpc$^3$ h$^{-3}$)  & 2.63 ...

? 
./lim.tex:288: Missing } inserted.
<inserted text> 
                }
l.288   $
         P_N^{voxel}$ (10$^{10}$ Jy$^2$ sr$^{-2}$ Mpc$^3$ h$^{-3}$)  & 2.63 ...

? 

./lim.tex:294: LaTeX Error: \begin{table*} on input line 270 ended by \end{tabl
e}.

See the LaTeX manual or LaTeX Companion for explanation.
Type  H <return>  for immediate help.
 ...                                              
                                                  
l.294 \end{table}
                 
? 

./lim.tex:298: LaTeX Error: File `pcii_STARFIRE_z63_z88_z116_z148_halofit_bethe
rmin_spinoglio_ap2p5m_1sqdeg_uhp_obs' not found.

See the LaTeX manual or LaTeX Companion for explanation.
Type  H <return>  for immediate help.
 ...                                              
                                                  
l.298 ...ethermin_spinoglio_ap2p5m_1sqdeg_uhp_obs}
                                                  
? 

Underfull \hbox (badness 10000) in paragraph at lines 299--299
$[]$
 []


Underfull \hbox (badness 10000) in paragraph at lines 299--299

 []


./lim.tex:304: LaTeX Error: File `snr_nmode_vs_k_starfire_ap2p5m_0p1vpix_10vpix
_1sqdeg_5p3sqdeg_10sqdeg' not found.

See the LaTeX manual or LaTeX Companion for explanation.
Type  H <return>  for immediate help.
 ...                                              
                                                  
l.304 ...m_0p1vpix_10vpix_1sqdeg_5p3sqdeg_10sqdeg}
                                                  
? 

Underfull \hbox (badness 10000) in paragraph at lines 305--305
$[]$
 []


Underfull \hbox (badness 10000) in paragraph at lines 305--305

 []


<phi_lir_schechter_bethermin11_murphy_Lstar1d12_Lmin1d8_Lmax1d13.pdf, id=29, 50
5.89pt x 361.35pt>
File: phi_lir_schechter_bethermin11_murphy_Lstar1d12_Lmin1d8_Lmax1d13.pdf Graph
ic file (type pdf)

<use phi_lir_schechter_bethermin11_murphy_Lstar1d12_Lmin1d8_Lmax1d13.pdf>
Package pdftex.def Info: phi_lir_schechter_bethermin11_murphy_Lstar1d12_Lmin1d8
_Lmax1d13.pdf used on input line 322.
(pdftex.def)             Requested size: 205.24384pt x 146.60509pt.

Underfull \hbox (badness 10000) in paragraph at lines 323--323
$[]$
 []


Underfull \hbox (badness 10000) in paragraph at lines 323--323

 []

[3 <./b11_spinoglio_intensity_jysr_vs_z.pdf> <./intensity_vs_lambda_vs_Hz.pdf>]

LaTeX Warning: A float is stuck (cannot be placed) on input line 326.

[4]
<lirmin_vs_tsurvey_lstar1d12_starfire_Vpix_0p1Vpix_10Vpix.pdf, id=55, 505.89pt 
x 361.35pt>
File: lirmin_vs_tsurvey_lstar1d12_starfire_Vpix_0p1Vpix_10Vpix.pdf Graphic file
 (type pdf)
 <use lirmin_vs_tsurvey_lstar1d12_starfire_Vpix_0p1Vpix_10Vpix.pdf>
Package pdftex.def Info: lirmin_vs_tsurvey_lstar1d12_starfire_Vpix_0p1Vpix_10Vp
ix.pdf used on input line 341.
(pdftex.def)             Requested size: 205.24384pt x 146.60509pt.

Underfull \hbox (badness 10000) in paragraph at lines 342--342
$[]$
 []


Underfull \hbox (badness 10000) in paragraph at lines 342--342

 []

./lim.tex:347: Missing $ inserted.
<inserted text> 
                $
l.347 
      
? 
./lim.tex:363: Missing $ inserted.
<inserted text> 
                $
l.363 ...eaching $\textrm{SNR}_{tot}^{clust}$ \sim
                                                   10$ in roughly 1,000 hour...

? 
[5 <./phi_lir_schechter_bethermin11_murphy_Lstar1d12_Lmin1d8_Lmax1d13.pdf> <./l
irmin_vs_tsurvey_lstar1d12_starfire_Vpix_0p1Vpix_10Vpix.pdf>]
./lim.tex:369: Undefined control sequence.
l.369  \subfloat
                {
? 

<SNRtot_starfire_cii_z1p5_ferr_beta_im_0p1VpixR450_Lstar1d12_Lmin1d8_Lmax1d13.p
df, id=75, 505.89pt x 361.35pt>
File: SNRtot_starfire_cii_z1p5_ferr_beta_im_0p1VpixR450_Lstar1d12_Lmin1d8_Lmax1
d13.pdf Graphic file (type pdf)

<use SNRtot_starfire_cii_z1p5_ferr_beta_im_0p1VpixR450_Lstar1d12_Lmin1d8_Lmax1d
13.pdf>
Package pdftex.def Info: SNRtot_starfire_cii_z1p5_ferr_beta_im_0p1VpixR450_Lsta
r1d12_Lmin1d8_Lmax1d13.pdf used on input line 371.
(pdftex.def)             Requested size: 205.24384pt x 146.60509pt.

./lim.tex:372: Undefined control sequence.
l.372  \subfloat
                {
? 

<SNRtot_starfire_cii_z1p5_ferr_beta_im_10VpixR450_Lstar1d12_Lmin1d8_Lmax1d13.pd
f, id=76, 505.89pt x 361.35pt>
File: SNRtot_starfire_cii_z1p5_ferr_beta_im_10VpixR450_Lstar1d12_Lmin1d8_Lmax1d
13.pdf Graphic file (type pdf)

<use SNRtot_starfire_cii_z1p5_ferr_beta_im_10VpixR450_Lstar1d12_Lmin1d8_Lmax1d1
3.pdf>
Package pdftex.def Info: SNRtot_starfire_cii_z1p5_ferr_beta_im_10VpixR450_Lstar
1d12_Lmin1d8_Lmax1d13.pdf used on input line 374.
(pdftex.def)             Requested size: 205.24384pt x 146.60509pt.

Underfull \hbox (badness 10000) in paragraph at lines 376--376
$[]$
 []


Underfull \hbox (badness 10000) in paragraph at lines 376--376

 []

./lim.tex:381: Undefined control sequence.
l.381  \subfloat
                {
? 

<SNRtot_starfire_cii_z1p5_ferr_beta_im_VpixR450_Lstar1d12_Lmin1d8_Lmax1d13_z6.p
df, id=77, 505.89pt x 361.35pt>
File: SNRtot_starfire_cii_z1p5_ferr_beta_im_VpixR450_Lstar1d12_Lmin1d8_Lmax1d13
_z6.pdf Graphic file (type pdf)

<use SNRtot_starfire_cii_z1p5_ferr_beta_im_VpixR450_Lstar1d12_Lmin1d8_Lmax1d13_
z6.pdf>
Package pdftex.def Info: SNRtot_starfire_cii_z1p5_ferr_beta_im_VpixR450_Lstar1d
12_Lmin1d8_Lmax1d13_z6.pdf used on input line 383.
(pdftex.def)             Requested size: 205.24384pt x 146.60509pt.

./lim.tex:384: Undefined control sequence.
l.384  \subfloat
                {
? 

./lim.tex:386: LaTeX Error: File `Ngal_cii_STARFIRE_5p3sqdeg_z6_ferr' not found
.

See the LaTeX manual or LaTeX Companion for explanation.
Type  H <return>  for immediate help.
 ...                                              
                                                  
l.386 ...idth]{Ngal_cii_STARFIRE_5p3sqdeg_z6_ferr}
                                                  }
? 

Underfull \hbox (badness 10000) in paragraph at lines 388--388
$[]$
 []


Underfull \hbox (badness 10000) in paragraph at lines 388--388

 []


LaTeX Warning: `h' float specifier changed to `ht'.

./lim.tex:394: Undefined control sequence.
l.394  \subfloat
                {
? 

./lim.tex:396: LaTeX Error: File `SNRtot_starfire_cii_z1p5_ferr_beta_im_VpixR45
0_Lstar1d12_Lmin1d8_Lmax1d13' not found.

See the LaTeX manual or LaTeX Companion for explanation.
Type  H <return>  for immediate help.
 ...                                              
                                                  
l.396 ...a_im_VpixR450_Lstar1d12_Lmin1d8_Lmax1d13}
                                                  }
? 
./lim.tex:397: Undefined control sequence.
l.397  \subfloat
                {
? 
<Ngal_cii_STARFIRE_5p3sqdeg_z1p5_ferr.pdf, id=78, 505.89pt x 361.35pt>
File: Ngal_cii_STARFIRE_5p3sqdeg_z1p5_ferr.pdf Graphic file (type pdf)

<use Ngal_cii_STARFIRE_5p3sqdeg_z1p5_ferr.pdf>
Package pdftex.def Info: Ngal_cii_STARFIRE_5p3sqdeg_z1p5_ferr.pdf used on input
 line 399.
(pdftex.def)             Requested size: 205.24384pt x 146.60509pt.

Underfull \hbox (badness 10000) in paragraph at lines 401--401
$[]$
 []


Underfull \hbox (badness 10000) in paragraph at lines 401--401

 []


LaTeX Warning: `h' float specifier changed to `ht'.

No file lim.bbl.

Package natbib Warning: There were undefined citations.

[6 <./SNRtot_starfire_cii_z1p5_ferr_beta_im_0p1VpixR450_Lstar1d12_Lmin1d8_Lmax1
d13.pdf> <./SNRtot_starfire_cii_z1p5_ferr_beta_im_10VpixR450_Lstar1d12_Lmin1d8_
Lmax1d13.pdf>] [7 <./SNRtot_starfire_cii_z1p5_ferr_beta_im_VpixR450_Lstar1d12_L
min1d8_Lmax1d13_z6.pdf> <./Ngal_cii_STARFIRE_5p3sqdeg_z1p5_ferr.pdf>]
(./lim.aux)

LaTeX Warning: There were multiply-defined labels.

 ) 
Here is how much of TeX's memory you used:
 4647 strings out of 493315
 61560 string characters out of 6137904
 149218 words of memory out of 5000000
 7995 multiletter control sequences out of 15000+600000
 12874 words of font info for 53 fonts, out of 8000000 for 9000
 957 hyphenation exceptions out of 8191
 39i,18n,28p,1873b,324s stack positions out of 5000i,500n,10000p,200000b,80000s
</usr/local/texlive/2013/texmf-dist/fonts/type1/public/amsfonts/cm/cmbx10.pfb
></usr/local/texlive/2013/texmf-dist/fonts/type1/public/amsfonts/cm/cmcsc10.pfb
></usr/local/texlive/2013/texmf-dist/fonts/type1/public/amsfonts/cm/cmex10.pfb>
</usr/local/texlive/2013/texmf-dist/fonts/type1/public/amsfonts/cm/cmmi10.pfb><
/usr/local/texlive/2013/texmf-dist/fonts/type1/public/amsfonts/cm/cmmi5.pfb></u
sr/local/texlive/2013/texmf-dist/fonts/type1/public/amsfonts/cm/cmmi6.pfb></usr
/local/texlive/2013/texmf-dist/fonts/type1/public/amsfonts/cm/cmmi7.pfb></usr/l
ocal/texlive/2013/texmf-dist/fonts/type1/public/amsfonts/cm/cmmi8.pfb></usr/loc
al/texlive/2013/texmf-dist/fonts/type1/public/amsfonts/cm/cmr10.pfb></usr/local
/texlive/2013/texmf-dist/fonts/type1/public/amsfonts/cm/cmr5.pfb></usr/local/te
xlive/2013/texmf-dist/fonts/type1/public/amsfonts/cm/cmr6.pfb></usr/local/texli
ve/2013/texmf-dist/fonts/type1/public/amsfonts/cm/cmr7.pfb></usr/local/texlive/
2013/texmf-dist/fonts/type1/public/amsfonts/cm/cmr8.pfb></usr/local/texlive/201
3/texmf-dist/fonts/type1/public/amsfonts/cm/cmr9.pfb></usr/local/texlive/2013/t
exmf-dist/fonts/type1/public/amsfonts/cm/cmsy10.pfb></usr/local/texlive/2013/te
xmf-dist/fonts/type1/public/amsfonts/cm/cmsy6.pfb></usr/local/texlive/2013/texm
f-dist/fonts/type1/public/amsfonts/cm/cmsy7.pfb></usr/local/texlive/2013/texmf-
dist/fonts/type1/public/amsfonts/cm/cmsy8.pfb></usr/local/texlive/2013/texmf-di
st/fonts/type1/public/amsfonts/cm/cmti10.pfb></usr/local/texlive/2013/texmf-dis
t/fonts/type1/public/amsfonts/cm/cmti8.pfb></usr/local/texlive/2013/texmf-dist/
fonts/type1/public/amsfonts/symbols/msam10.pfb>
Output written on lim.pdf (7 pages, 413292 bytes).
PDF statistics:
 185 PDF objects out of 1000 (max. 8388607)
 137 compressed objects within 2 object streams
 0 named destinations out of 1000 (max. 500000)
 41 words of extra memory for PDF output out of 10000 (max. 10000000)

