This is pdfTeX, Version 3.1415926-2.5-1.40.14 (TeX Live 2013) (format=pdflatex 2013.5.30)  9 MAY 2014 11:49
entering extended mode
 restricted \write18 enabled.
 file:line:error style messages enabled.
 %&-line parsing enabled.
**lim_may7_v2.tex
(./lim_may7_v2.tex
LaTeX2e <2011/06/27>
Babel <3.9f> and hyphenation patterns for 78 languages loaded.
(./emulateapj.cls
Document Class: emulateapj 
\bibbaselineskip=\skip41
(/usr/local/texlive/2013/texmf-dist/tex/latex/revtex/revtex4-1.cls
Document Class: revtex4-1 2010/07/25/20:33:00 4.1r (http://publish.aps.org/revt
ex4/ for documentation)
 Copyright (c) 2009 The American Physical Society.
 mailto:revtex@aps.org
 Licensed under the LPPL:
http://www.ctan.org/tex-archive/macros/latex/base/lppl.txt
 Arthur Ogawa <arthur_ogawa at sbcglobal dot net>
 Based on work by David Carlisle <david at dcarlisle.demon.co.uk>.
ltxutil[2010/07/25/20:33:00 4.1r utilities package (portions licensed from W. E
. Baxter web at superscript.com)]
LaTeX Info: Redefining \@centercr on input line 308.
Class revtex4-1 Info: Repairing broken LaTeX eqnarray on input line 358.
\eqncolsep=\skip42
Class revtex4-1 Info: Repairing hyperref-unfriendly LaTeX definition of \mpfoot
note on input line 433.
Class revtex4-1 Info: Repairing broken LateX \@sect on input line 755.
\intertabularlinepenalty=\count79
\@tbpen=\count80
\@arstrutbox@hline=\box26
Class revtex4-1 Info: Repairing broken LaTeX \@xbitor on input line 1786.
Class revtex4-1 Info: Making \typeout \long on input line 2046.
ltxfront[2010/07/25/20:33:00 4.1r frontmatter package (AO,DPC)]
\c@affil=\count81
\c@collab=\count82
\absbox=\box27
ltxgrid[2010/07/25/20:33:00 4.1r page grid package (portions licensed from W. E
. Baxter web at superscript.com)]
\c@linecount=\count83
\output@latex=\toks14
\box@size@1=\box28
\box@size@2=\box29
\@protection@box=\box30
\@topmark@saved=\toks15
\footins@saved=\box31
\footins@recovered=\box32
\column@recovered=\box33
\pagesofar=\box34
\footsofar=\box35
\pagegrid@col=\count84
Class revtex4-1 Info: Overriding \@vspace, \@vspacer, \@no@pgbk, \@newline, and
 \\  on input line 5578.
\c@part=\count85
\c@section=\count86
\c@subsection=\count87
\c@subsubsection=\count88
\c@paragraph=\count89
\c@subparagraph=\count90
\abovecaptionskip=\skip43
\belowcaptionskip=\skip44
\c@figure=\count91
\fbox@1=\box36
\c@table=\count92
\fbox@2=\box37
\c@video=\count93
\fbox@4=\box38
\@bibdataout=\write3
\widetext@top=\box39
\widetext@bot=\box40

Class revtex4-1 Warning: No Society specified, using default society aps.

(/usr/local/texlive/2013/texmf-dist/tex/latex/revtex/aps4-1.rtx
File: aps4-1 2010/07/25/20:33:00 4.1r (http://publish.aps.org/revtex4/ for docu
mentation)
Class revtex4-1 Info: RevTeX society APS selected on input line 31.
)

Class revtex4-1 Warning: No journal specified, using default pra.

Class revtex4-1 Info: APS journal PRA selected on input line 7545.

Class revtex4-1 Warning: No type size specified, using default 10.

(/usr/local/texlive/2013/texmf-dist/tex/latex/revtex/aps10pt4-1.rtx
File: aps10pt4-1 2010/07/25/20:33:00 4.1r (http://publish.aps.org/revtex4/ for 
documentation)
Class revtex4-1 Info: RevTeX pointsize 10pt selected on input line 30.
)
(/usr/local/texlive/2013/texmf-dist/tex/latex/textcase/textcase.sty
Package: textcase 2004/10/07 v0.07 Text only upper/lower case changing (DPC)
)
(/usr/local/texlive/2013/texmf-dist/tex/latex/url/url.sty
\Urlmuskip=\muskip10
Package: url 2006/04/12  ver 3.3  Verb mode for urls, etc.
)
(/usr/local/texlive/2013/texmf-dist/tex/latex/natbib/natbib.sty
Package: natbib 2010/09/13 8.31b (PWD, AO)
\bibhang=\skip45
\bibsep=\skip46
LaTeX Info: Redefining \cite on input line 694.
\c@NAT@ctr=\count94
)
Class revtex4-1 Info: Repairing natbib's \BibitemShut on input line 7549.

(/usr/local/texlive/2013/texmf-dist/tex/latex/revtex/revsymb4-1.sty
Package: revsymb4-1 2010/07/25/20:33:00 4.1r (http://publish.aps.org/revtex4/ f
or documentation)
LaTeX Info: Redefining \REV@mathfrak on input line 119.
))
(/usr/local/texlive/2013/texmf-dist/tex/latex/base/latexsym.sty
Package: latexsym 1998/08/17 v2.2e Standard LaTeX package (lasy symbols)
\symlasy=\mathgroup4
LaTeX Font Info:    Overwriting symbol font `lasy' in version `bold'
(Font)                  U/lasy/m/n --> U/lasy/b/n on input line 47.
)
(/usr/local/texlive/2013/texmf-dist/tex/latex/graphics/graphicx.sty
Package: graphicx 1999/02/16 v1.0f Enhanced LaTeX Graphics (DPC,SPQR)

(/usr/local/texlive/2013/texmf-dist/tex/latex/graphics/keyval.sty
Package: keyval 1999/03/16 v1.13 key=value parser (DPC)
\KV@toks@=\toks16
)
(/usr/local/texlive/2013/texmf-dist/tex/latex/graphics/graphics.sty
Package: graphics 2009/02/05 v1.0o Standard LaTeX Graphics (DPC,SPQR)

(/usr/local/texlive/2013/texmf-dist/tex/latex/graphics/trig.sty
Package: trig 1999/03/16 v1.09 sin cos tan (DPC)
)
(/usr/local/texlive/2013/texmf-dist/tex/latex/latexconfig/graphics.cfg
File: graphics.cfg 2010/04/23 v1.9 graphics configuration of TeX Live
)
Package graphics Info: Driver file: pdftex.def on input line 91.

(/usr/local/texlive/2013/texmf-dist/tex/latex/pdftex-def/pdftex.def
File: pdftex.def 2011/05/27 v0.06d Graphics/color for pdfTeX

(/usr/local/texlive/2013/texmf-dist/tex/generic/oberdiek/infwarerr.sty
Package: infwarerr 2010/04/08 v1.3 Providing info/warning/error messages (HO)
)
(/usr/local/texlive/2013/texmf-dist/tex/generic/oberdiek/ltxcmds.sty
Package: ltxcmds 2011/11/09 v1.22 LaTeX kernel commands for general use (HO)
)
\Gread@gobject=\count95
))
\Gin@req@height=\dimen102
\Gin@req@width=\dimen103
)
(/usr/local/texlive/2013/texmf-dist/tex/latex/amsfonts/amssymb.sty
Package: amssymb 2013/01/14 v3.01 AMS font symbols

(/usr/local/texlive/2013/texmf-dist/tex/latex/amsfonts/amsfonts.sty
Package: amsfonts 2013/01/14 v3.01 Basic AMSFonts support
\@emptytoks=\toks17
\symAMSa=\mathgroup5
\symAMSb=\mathgroup6
LaTeX Font Info:    Overwriting math alphabet `\mathfrak' in version `bold'
(Font)                  U/euf/m/n --> U/euf/b/n on input line 106.
LaTeX Info: Redefining \frak on input line 111.
LaTeX Info: Redefining \Bbb on input line 113.
))
(/usr/local/texlive/2013/texmf-dist/tex/latex/tools/longtable.sty
Package: longtable 2004/02/01 v4.11 Multi-page Table package (DPC)
\LTleft=\skip47
\LTright=\skip48
\LTpre=\skip49
\LTpost=\skip50
\LTchunksize=\count96
\LTcapwidth=\dimen104
\LT@head=\box41
\LT@firsthead=\box42
\LT@foot=\box43
\LT@lastfoot=\box44
\LT@cols=\count97
\LT@rows=\count98
\c@LT@tables=\count99
\c@LT@chunks=\count100
\LT@p@ftn=\toks18
)
(/usr/local/texlive/2013/texmf-dist/tex/generic/epsf/epsf.sty
This is `epsf.tex' v2.7.4 <14 February 2011>
\epsffilein=\read1
\epsfframemargin=\dimen105
\epsfframethickness=\dimen106
\epsfrsize=\dimen107
\epsftmp=\dimen108
\epsftsize=\dimen109
\epsfxsize=\dimen110
\epsfysize=\dimen111
\pspoints=\dimen112
)
\c@front@matter@foot@note=\count101
\alt@affil@toks=\toks19
\alt@affil@toks@count=\toks20
\keys@width=\skip51
\c@lastfootnote=\count102
\c@remember@figure@num=\count103
\c@remember@table@num=\count104
\bibindent=\dimen113
\plot@width=\skip52
\c@table@save=\count105
\table@note@skip=\skip53
\deluxe@table@width=\skip54
\@d@t@a=\skip55
\c@deluxe@table@num=\count106
\abovedeluxetableskip=\skip56
\belowdeluxetableskip=\skip57
\lastrowheight=\dimen114
\DT@p@ftn=\toks21
\pt@column=\count107
\pt@ncol=\count108
) (/usr/local/texlive/2013/texmf-dist/tex/latex/rotating/rotating.sty
Package: rotating 2009/03/28 v2.16a rotated objects in LaTeX

(/usr/local/texlive/2013/texmf-dist/tex/latex/base/ifthen.sty
Package: ifthen 2001/05/26 v1.1c Standard LaTeX ifthen package (DPC)
)
\c@r@tfl@t=\count109
\rotFPtop=\skip58
\rotFPbot=\skip59
\rot@float@box=\box45
\rot@mess@toks=\toks22
)
(/usr/local/texlive/2013/texmf-dist/tex/latex/amsmath/amsmath.sty
Package: amsmath 2013/01/14 v2.14 AMS math features
\@mathmargin=\skip60

For additional information on amsmath, use the `?' option.
(/usr/local/texlive/2013/texmf-dist/tex/latex/amsmath/amstext.sty
Package: amstext 2000/06/29 v2.01

(/usr/local/texlive/2013/texmf-dist/tex/latex/amsmath/amsgen.sty
File: amsgen.sty 1999/11/30 v2.0
\@emptytoks=\toks23
\ex@=\dimen115
)
LaTeX Info: Redefining \text on input line 39.
)
(/usr/local/texlive/2013/texmf-dist/tex/latex/amsmath/amsbsy.sty
Package: amsbsy 1999/11/29 v1.2d
\pmbraise@=\dimen116
)
(/usr/local/texlive/2013/texmf-dist/tex/latex/amsmath/amsopn.sty
Package: amsopn 1999/12/14 v2.01 operator names
)
\inf@bad=\count110
LaTeX Info: Redefining \frac on input line 210.
\uproot@=\count111
\leftroot@=\count112
LaTeX Info: Redefining \overline on input line 306.
\classnum@=\count113
\DOTSCASE@=\count114
LaTeX Info: Redefining \ldots on input line 378.
LaTeX Info: Redefining \dots on input line 381.
LaTeX Info: Redefining \cdots on input line 466.
\Mathstrutbox@=\box46
\strutbox@=\box47
\big@size=\dimen117
LaTeX Font Info:    Redeclaring font encoding OML on input line 566.
LaTeX Font Info:    Redeclaring font encoding OMS on input line 567.
\macc@depth=\count115
\c@MaxMatrixCols=\count116
\dotsspace@=\muskip11
\c@parentequation=\count117
\dspbrk@lvl=\count118
\tag@help=\toks24
\row@=\count119
\column@=\count120
\maxfields@=\count121
\andhelp@=\toks25
\eqnshift@=\dimen118
\alignsep@=\dimen119
\tagshift@=\dimen120
\tagwidth@=\dimen121
\totwidth@=\dimen122
\lineht@=\dimen123
\@envbody=\toks26
\multlinegap=\skip61
\multlinetaggap=\skip62
\mathdisplay@stack=\toks27
LaTeX Info: Redefining \[ on input line 2665.
LaTeX Info: Redefining \] on input line 2666.
)
(/usr/local/texlive/2013/texmf-dist/tex/latex/subfig/subfig.sty
Package: subfig 2005/06/28 ver: 1.3 subfig package

(/usr/local/texlive/2013/texmf-dist/tex/latex/caption/caption.sty
Package: caption 2013/05/02 v3.3-89 Customizing captions (AR)

(/usr/local/texlive/2013/texmf-dist/tex/latex/caption/caption3.sty
Package: caption3 2013/05/02 v1.6-88 caption3 kernel (AR)
Package caption3 Info: TeX engine: e-TeX on input line 57.
\captionmargin=\dimen124
\captionmargin@=\dimen125
\captionwidth=\dimen126
\caption@tempdima=\dimen127
\caption@indent=\dimen128
\caption@parindent=\dimen129
\caption@hangindent=\dimen130
Package caption Info: Unknown document class (or package),
(caption)             standard defaults will be used.
)

Package caption Warning: Unsupported document class (or package) detected,
(caption)                usage of the caption package is not recommended.
See the caption package documentation for explanation.

Package caption Info: \@makecaption = \long macro:#1#2->\noindent \begin {minip
age}{0.9999\linewidth } \if \csname ftype@\@captype \endcsname 2 \vskip 2ex\noi
ndent \centering \@table@type@size {\@eapj@cap@font #1}\par \if@chicago \@eapj@
cap@font \fi #2\par \medskip \else \vspace *{\abovecaptionskip }\noindent \foot
notesize #1 #2\par \vskip \belowcaptionskip \fi \end {minipage}\par .
\c@ContinuedFloat=\count122
Package caption Info: longtable package is loaded.
(/usr/local/texlive/2013/texmf-dist/tex/latex/caption/ltcaption.sty
Package: ltcaption 2013/02/03 v1.3-62 longtable captions (AR)
)
Package caption Info: rotating package is loaded.
)
\c@KVtest=\count123
\sf@farskip=\skip63
\sf@captopadj=\dimen131
\sf@capskip=\skip64
\sf@nearskip=\skip65
\c@subfigure=\count124
\c@subfigure@save=\count125
\c@lofdepth=\count126
\c@subtable=\count127
\c@subtable@save=\count128
\c@lotdepth=\count129
\sf@top=\skip66
\sf@bottom=\skip67
)
(/usr/local/texlive/2013/texmf-dist/tex/latex/multirow/multirow.sty
\bigstrutjot=\dimen132
)
Class revtex4-1 Info: Patching LaTeX tabular. on input line 91.
Class revtex4-1 Info: Patching longtable package on input line 91.


./lim_may7_v2.tex:91: LaTeX Error: Command \longtable* already defined.
               Or name \end... illegal, see p.192 of the manual.

See the LaTeX manual or LaTeX Companion for explanation.
Type  H <return>  for immediate help.
 ...                                              
                                                  
l.91 \begin{document}
                     
? 
Class revtex4-1 Info: Robustifying \LaTeX's \boldmath command on input line 91.

Class revtex4-1 Info: cite was not loaded (OK!) on input line 91.
Class revtex4-1 Info: mcite was not loaded (OK!) on input line 91.
Class revtex4-1 Info: multicol was not loaded (OK!) on input line 91.
(./lim_may7_v2.aux)
\openout1 = `lim_may7_v2.aux'.

LaTeX Font Info:    Checking defaults for OML/cmm/m/it on input line 91.
LaTeX Font Info:    ... okay on input line 91.
LaTeX Font Info:    Checking defaults for T1/cmr/m/n on input line 91.
LaTeX Font Info:    ... okay on input line 91.
LaTeX Font Info:    Checking defaults for OT1/cmr/m/n on input line 91.
LaTeX Font Info:    ... okay on input line 91.
LaTeX Font Info:    Checking defaults for OMS/cmsy/m/n on input line 91.
LaTeX Font Info:    ... okay on input line 91.
LaTeX Font Info:    Checking defaults for OMX/cmex/m/n on input line 91.
LaTeX Font Info:    ... okay on input line 91.
LaTeX Font Info:    Checking defaults for U/cmr/m/n on input line 91.
LaTeX Font Info:    ... okay on input line 91.

(/usr/local/texlive/2013/texmf-dist/tex/context/base/supp-pdf.mkii
[Loading MPS to PDF converter (version 2006.09.02).]
\scratchcounter=\count130
\scratchdimen=\dimen133
\scratchbox=\box48
\nofMPsegments=\count131
\nofMParguments=\count132
\everyMPshowfont=\toks28
\MPscratchCnt=\count133
\MPscratchDim=\dimen134
\MPnumerator=\count134
\makeMPintoPDFobject=\count135
\everyMPtoPDFconversion=\toks29
) (/usr/local/texlive/2013/texmf-dist/tex/generic/oberdiek/pdftexcmds.sty
Package: pdftexcmds 2011/11/29 v0.20 Utility functions of pdfTeX for LuaTeX (HO
)

(/usr/local/texlive/2013/texmf-dist/tex/generic/oberdiek/ifluatex.sty
Package: ifluatex 2010/03/01 v1.3 Provides the ifluatex switch (HO)
Package ifluatex Info: LuaTeX not detected.
)
(/usr/local/texlive/2013/texmf-dist/tex/generic/oberdiek/ifpdf.sty
Package: ifpdf 2011/01/30 v2.3 Provides the ifpdf switch (HO)
Package ifpdf Info: pdfTeX in PDF mode is detected.
)
Package pdftexcmds Info: LuaTeX not detected.
Package pdftexcmds Info: \pdf@primitive is available.
Package pdftexcmds Info: \pdf@ifprimitive is available.
Package pdftexcmds Info: \pdfdraftmode found.
)
(/usr/local/texlive/2013/texmf-dist/tex/latex/oberdiek/epstopdf-base.sty
Package: epstopdf-base 2010/02/09 v2.5 Base part for package epstopdf

(/usr/local/texlive/2013/texmf-dist/tex/latex/oberdiek/grfext.sty
Package: grfext 2010/08/19 v1.1 Manage graphics extensions (HO)

(/usr/local/texlive/2013/texmf-dist/tex/generic/oberdiek/kvdefinekeys.sty
Package: kvdefinekeys 2011/04/07 v1.3 Define keys (HO)
))
(/usr/local/texlive/2013/texmf-dist/tex/latex/oberdiek/kvoptions.sty
Package: kvoptions 2011/06/30 v3.11 Key value format for package options (HO)

(/usr/local/texlive/2013/texmf-dist/tex/generic/oberdiek/kvsetkeys.sty
Package: kvsetkeys 2012/04/25 v1.16 Key value parser (HO)

(/usr/local/texlive/2013/texmf-dist/tex/generic/oberdiek/etexcmds.sty
Package: etexcmds 2011/02/16 v1.5 Avoid name clashes with e-TeX commands (HO)
Package etexcmds Info: Could not find \expanded.
(etexcmds)             That can mean that you are not using pdfTeX 1.50 or
(etexcmds)             that some package has redefined \expanded.
(etexcmds)             In the latter case, load this package earlier.
)))
Package grfext Info: Graphics extension search list:
(grfext)             [.png,.pdf,.jpg,.mps,.jpeg,.jbig2,.jb2,.PNG,.PDF,.JPG,.JPE
G,.JBIG2,.JB2,.eps]
(grfext)             \AppendGraphicsExtensions on input line 452.

(/usr/local/texlive/2013/texmf-dist/tex/latex/latexconfig/epstopdf-sys.cfg
File: epstopdf-sys.cfg 2010/07/13 v1.3 Configuration of (r)epstopdf for TeX Liv
e
))
Package caption Info: Begin \AtBeginDocument code.
Package caption Info: subfig package v1.3 is loaded.
Package caption Info: End \AtBeginDocument code.
\openout3 = `lim_may7_v2Notes.bib'.

LaTeX Font Info:    Try loading font information for U+lasy on input line 109.

(/usr/local/texlive/2013/texmf-dist/tex/latex/base/ulasy.fd
File: ulasy.fd 1998/08/17 v2.2e LaTeX symbol font definitions
)
LaTeX Font Info:    Try loading font information for U+msa on input line 109.

(/usr/local/texlive/2013/texmf-dist/tex/latex/amsfonts/umsa.fd
File: umsa.fd 2013/01/14 v3.01 AMS symbols A
)
LaTeX Font Info:    Try loading font information for U+msb on input line 109.

(/usr/local/texlive/2013/texmf-dist/tex/latex/amsfonts/umsb.fd
File: umsb.fd 2013/01/14 v3.01 AMS symbols B
)

Class revtex4-1 Warning: Assuming \noaffiliation for authors.

[1{/usr/local/texlive/2013/texmf-var/fonts/map/pdftex/updmap/pdftex.map}]
[2]
Underfull \hbox (badness 10000) in paragraph at lines 175--176
[]\OT1/cmr/m/n/10 We first em-ploy the empirically-constrained,
 []


Underfull \hbox (badness 7397) in paragraph at lines 175--176
\OT1/cmr/m/n/10 backwards-evolution model of the IR lu-mi-nos-ity
 []


Underfull \hbox (badness 1043) in paragraph at lines 175--176
\OT1/cmr/m/n/10 after B11) to pre-dict the num-ber of galax-ies with
 []


Underfull \hbox (badness 1622) in paragraph at lines 175--176
\OT1/cmr/m/n/10 vol-ume of the Uni-verse per log-a-rith-mic lu-mi-nos-ity
 []

<interloper_intensity_jysr_withM82CO.pdf, id=21, 505.89pt x 361.35pt>
File: interloper_intensity_jysr_withM82CO.pdf Graphic file (type pdf)

<use interloper_intensity_jysr_withM82CO.pdf>
Package pdftex.def Info: interloper_intensity_jysr_withM82CO.pdf used on input 
line 199.
(pdftex.def)             Requested size: 205.24384pt x 146.60509pt.

./lim_may7_v2.tex:205: Undefined control sequence.
\@versohead ...pping During $0.5 < \Makelowercase 
                                                  {z} < 1.5$
l.205 
      
? 
[3 <./interloper_intensity_jysr_withM82CO.pdf>]
<fraction_cii_emissivity_vs_LIRmin_vs_z.pdf, id=38, 505.89pt x 361.35pt>
File: fraction_cii_emissivity_vs_LIRmin_vs_z.pdf Graphic file (type pdf)

<use fraction_cii_emissivity_vs_LIRmin_vs_z.pdf>
Package pdftex.def Info: fraction_cii_emissivity_vs_LIRmin_vs_z.pdf used on inp
ut line 214.
(pdftex.def)             Requested size: 256.55872pt x 183.2605pt.

Overfull \hbox (11.29219pt too wide) in paragraph at lines 214--215
 [][] 
 []


<pcii_STARFIRE_z63_z88_z116_z148_lirmin_halofit_bethermin_spinoglio_ap2p5m_1sqd
eg_uhp_ktnonzero.pdf, id=39, 505.89pt x 361.35pt>
File: pcii_STARFIRE_z63_z88_z116_z148_lirmin_halofit_bethermin_spinoglio_ap2p5m
_1sqdeg_uhp_ktnonzero.pdf Graphic file (type pdf)

<use pcii_STARFIRE_z63_z88_z116_z148_lirmin_halofit_bethermin_spinoglio_ap2p5m_
1sqdeg_uhp_ktnonzero.pdf>
Package pdftex.def Info: pcii_STARFIRE_z63_z88_z116_z148_lirmin_halofit_betherm
in_spinoglio_ap2p5m_1sqdeg_uhp_ktnonzero.pdf used on input line 221.
(pdftex.def)             Requested size: 256.55872pt x 183.2605pt.

Overfull \hbox (11.29219pt too wide) in paragraph at lines 221--222
 [][] 
 []

[4 <./fraction_cii_emissivity_vs_LIRmin_vs_z.pdf> <./pcii_STARFIRE_z63_z88_z116
_z148_lirmin_halofit_bethermin_spinoglio_ap2p5m_1sqdeg_uhp_ktnonzero.pdf>]

Package natbib Warning: Citation `bradford12' on page 5 undefined on input line
 301.


<pcii_STARFIRE_z63_z88_z116_z148_halofit_bethermin_spinoglio_ap2p5m_1sqdeg_uhp_
ktnonzero_minimaltext.pdf, id=59, 505.89pt x 361.35pt>
File: pcii_STARFIRE_z63_z88_z116_z148_halofit_bethermin_spinoglio_ap2p5m_1sqdeg
_uhp_ktnonzero_minimaltext.pdf Graphic file (type pdf)

<use pcii_STARFIRE_z63_z88_z116_z148_halofit_bethermin_spinoglio_ap2p5m_1sqdeg_
uhp_ktnonzero_minimaltext.pdf>
Package pdftex.def Info: pcii_STARFIRE_z63_z88_z116_z148_halofit_bethermin_spin
oglio_ap2p5m_1sqdeg_uhp_ktnonzero_minimaltext.pdf used on input line 346.
(pdftex.def)             Requested size: 256.55872pt x 183.2605pt.

Overfull \hbox (11.29219pt too wide) in paragraph at lines 346--347
 [][] 
 []


<snr_nmode_vs_k_starfire_ap2p5m_0p1vpix_10vpix_1sqdeg_5p3sqdeg_10sqdeg_ktnonzer
o.pdf, id=60, 505.89pt x 361.35pt>
File: snr_nmode_vs_k_starfire_ap2p5m_0p1vpix_10vpix_1sqdeg_5p3sqdeg_10sqdeg_ktn
onzero.pdf Graphic file (type pdf)

<use snr_nmode_vs_k_starfire_ap2p5m_0p1vpix_10vpix_1sqdeg_5p3sqdeg_10sqdeg_ktno
nzero.pdf>
Package pdftex.def Info: snr_nmode_vs_k_starfire_ap2p5m_0p1vpix_10vpix_1sqdeg_5
p3sqdeg_10sqdeg_ktnonzero.pdf used on input line 353.
(pdftex.def)             Requested size: 256.55872pt x 183.2605pt.

Overfull \hbox (11.29219pt too wide) in paragraph at lines 353--354
 [][] 
 []

Missing character: There is no   in font cmr10!
./lim_may7_v2.tex:361: Undefined control sequence.
\@versohead ...pping During $0.5 < \Makelowercase 
                                                  {z} < 1.5$
l.361 
      
? 
[5 <./pcii_STARFIRE_z63_z88_z116_z148_halofit_bethermin_spinoglio_ap2p5m_1sqdeg
_uhp_ktnonzero_minimaltext.pdf>]
<rhocii_vs_z_starfire_1sqdeg_tobs200hr_hb.pdf, id=73, 505.89pt x 361.35pt>
File: rhocii_vs_z_starfire_1sqdeg_tobs200hr_hb.pdf Graphic file (type pdf)

<use rhocii_vs_z_starfire_1sqdeg_tobs200hr_hb.pdf>
Package pdftex.def Info: rhocii_vs_z_starfire_1sqdeg_tobs200hr_hb.pdf used on i
nput line 366.
(pdftex.def)             Requested size: 256.55872pt x 183.2605pt.

Overfull \hbox (11.29219pt too wide) in paragraph at lines 366--367
 [][] 
 []

[6 <./snr_nmode_vs_k_starfire_ap2p5m_0p1vpix_10vpix_1sqdeg_5p3sqdeg_10sqdeg_ktn
onzero.pdf> <./rhocii_vs_z_starfire_1sqdeg_tobs200hr_hb.pdf>]
<phi_lir_schechter_bethermin11_Lstar1d12_Lmin1d8_Lmax1d13.pdf, id=97, 505.89pt 
x 361.35pt>
File: phi_lir_schechter_bethermin11_Lstar1d12_Lmin1d8_Lmax1d13.pdf Graphic file
 (type pdf)
 <use phi_lir_schechter_bethermin11_Lstar1d12_Lmin1d8_Lmax1d13.pdf>
Package pdftex.def Info: phi_lir_schechter_bethermin11_Lstar1d12_Lmin1d8_Lmax1d
13.pdf used on input line 379.
(pdftex.def)             Requested size: 256.55872pt x 183.2605pt.

Overfull \hbox (11.29219pt too wide) in paragraph at lines 379--380
 [][] 
 []


Underfull \hbox (badness 5274) in paragraph at lines 380--380
[][] \OT1/cmr/m/n/10 : |Toy model IR lu-mi-nos-ity func-tions
 []


Underfull \hbox (badness 2326) in paragraph at lines 380--380
\OT1/cmr/m/n/10 with faint-end slope (from top to bot-tom) $\OML/cmm/m/it/10  
\OT1/cmr/m/n/10 =
 []


Underfull \hbox (badness 1478) in paragraph at lines 380--380
\OMS/cmsy/m/n/10 ^^@\OT1/cmr/m/n/10 1\OML/cmm/m/it/10 :\OT1/cmr/m/n/10 0\OML/cm
m/m/it/10 ; \OMS/cmsy/m/n/10 ^^@\OT1/cmr/m/n/10 1\OML/cmm/m/it/10 :\OT1/cmr/m/n
/10 5\OML/cmm/m/it/10 ; \OMS/cmsy/m/n/10 ^^@\OT1/cmr/m/n/10 2\OML/cmm/m/it/10 :
\OT1/cmr/m/n/10 0\OML/cmm/m/it/10 ; \OMS/cmsy/m/n/10 ^^@\OT1/cmr/m/n/10 2\OML/c
mm/m/it/10 :\OT1/cmr/m/n/10 5\OML/cmm/m/it/10 ; \OMS/cmsy/m/n/10 ^^@\OT1/cmr/m/
n/10 3\OML/cmm/m/it/10 :\OT1/cmr/m/n/10 0$. The B11 model (blue
 []


<lirmin_ferr_b11_alpham1p0_alpham2p0_lstar1d12.pdf, id=98, 505.89pt x 361.35pt>
File: lirmin_ferr_b11_alpham1p0_alpham2p0_lstar1d12.pdf Graphic file (type pdf)

<use lirmin_ferr_b11_alpham1p0_alpham2p0_lstar1d12.pdf>
Package pdftex.def Info: lirmin_ferr_b11_alpham1p0_alpham2p0_lstar1d12.pdf used
 on input line 386.
(pdftex.def)             Requested size: 256.55872pt x 183.2605pt.

Overfull \hbox (11.29219pt too wide) in paragraph at lines 386--387
 [][] 
 []


<Ngal_fracCII_STARFIRE_1sqdeg_z1p5_ferr_0p1vpix_vpix_10vpix_alpham1p0_alpham2p0
_b11.pdf, id=99, 505.89pt x 361.35pt>
File: Ngal_fracCII_STARFIRE_1sqdeg_z1p5_ferr_0p1vpix_vpix_10vpix_alpham1p0_alph
am2p0_b11.pdf Graphic file (type pdf)

<use Ngal_fracCII_STARFIRE_1sqdeg_z1p5_ferr_0p1vpix_vpix_10vpix_alpham1p0_alpha
m2p0_b11.pdf>
Package pdftex.def Info: Ngal_fracCII_STARFIRE_1sqdeg_z1p5_ferr_0p1vpix_vpix_10
vpix_alpham1p0_alpham2p0_b11.pdf used on input line 408.
(pdftex.def)             Requested size: 256.55872pt x 183.2605pt.

Overfull \hbox (11.29219pt too wide) in paragraph at lines 408--409
 [][] 
 []

./lim_may7_v2.tex:416: Undefined control sequence.
\@versohead ...pping During $0.5 < \Makelowercase 
                                                  {z} < 1.5$
l.416 
      
? 
[7 <./phi_lir_schechter_bethermin11_Lstar1d12_Lmin1d8_Lmax1d13.pdf> <./lirmin_f
err_b11_alpham1p0_alpham2p0_lstar1d12.pdf>]

LaTeX Warning: A float is stuck (cannot be placed) on input line 416.


LaTeX Warning: A float is stuck (cannot be placed) on input line 416.


Class revtex4-1 Warning: Deferred float stuck during \clearpage processing.


./lim_may7_v2.tex:429: LaTeX Error: \begin{table*} on input line 417 ended by \
end{table}.

See the LaTeX manual or LaTeX Companion for explanation.
Type  H <return>  for immediate help.
 ...                                              
                                                  
l.429  \end{table}
                  
? 

<snr_im_gs_ferr_nmodeIM_1d-1_1d3_b11_alpham1p0_alpham2p0_0p1vpix_vpix_10vpix_z1
48.pdf, id=120, 505.89pt x 361.35pt>
File: snr_im_gs_ferr_nmodeIM_1d-1_1d3_b11_alpham1p0_alpham2p0_0p1vpix_vpix_10vp
ix_z148.pdf Graphic file (type pdf)

<use snr_im_gs_ferr_nmodeIM_1d-1_1d3_b11_alpham1p0_alpham2p0_0p1vpix_vpix_10vpi
x_z148.pdf>
Package pdftex.def Info: snr_im_gs_ferr_nmodeIM_1d-1_1d3_b11_alpham1p0_alpham2p
0_0p1vpix_vpix_10vpix_z148.pdf used on input line 443.
(pdftex.def)             Requested size: 256.55872pt x 183.2605pt.

Overfull \hbox (11.29219pt too wide) in paragraph at lines 443--444
 [][] 
 []

<contour_depth_alpha_cii_starfire.pdf, id=121, 505.89pt x 361.35pt>
File: contour_depth_alpha_cii_starfire.pdf Graphic file (type pdf)

<use contour_depth_alpha_cii_starfire.pdf>
Package pdftex.def Info: contour_depth_alpha_cii_starfire.pdf used on input lin
e 450.
(pdftex.def)             Requested size: 256.55872pt x 183.2605pt.

Overfull \hbox (11.29219pt too wide) in paragraph at lines 450--451
 [][] 
 []

[8 <./Ngal_fracCII_STARFIRE_1sqdeg_z1p5_ferr_0p1vpix_vpix_10vpix_alpham1p0_alph
am2p0_b11.pdf> <./snr_im_gs_ferr_nmodeIM_1d-1_1d3_b11_alpham1p0_alpham2p0_0p1vp
ix_vpix_10vpix_z148.pdf>]
./lim_may7_v2.tex:485: Undefined control sequence.
\@versohead ...pping During $0.5 < \Makelowercase 
                                                  {z} < 1.5$
l.485 
      
? 
[9 <./contour_depth_alpha_cii_starfire.pdf>] (./lim_may7_v2.bbl)

Package natbib Warning: There were undefined citations.

[10] (./lim_may7_v2.aux)

LaTeX Warning: Label(s) may have changed. Rerun to get cross-references right .


 ) 
Here is how much of TeX's memory you used:
 6502 strings out of 493315
 94410 string characters out of 6137904
 199662 words of memory out of 5000000
 9840 multiletter control sequences out of 15000+600000
 13484 words of font info for 55 fonts, out of 8000000 for 9000
 957 hyphenation exceptions out of 8191
 44i,18n,42p,2013b,366s stack positions out of 5000i,500n,10000p,200000b,80000s
</usr/local/texlive/2013/texmf-dist/fonts/type1/public/amsfonts/cm/cmbx10.pfb
></usr/local/texlive/2013/texmf-dist/fonts/type1/public/amsfonts/cm/cmbx8.pfb><
/usr/local/texlive/2013/texmf-dist/fonts/type1/public/amsfonts/cm/cmcsc10.pfb><
/usr/local/texlive/2013/texmf-dist/fonts/type1/public/amsfonts/cm/cmex10.pfb></
usr/local/texlive/2013/texmf-dist/fonts/type1/public/amsfonts/cm/cmmi10.pfb></u
sr/local/texlive/2013/texmf-dist/fonts/type1/public/amsfonts/cm/cmmi5.pfb></usr
/local/texlive/2013/texmf-dist/fonts/type1/public/amsfonts/cm/cmmi6.pfb></usr/l
ocal/texlive/2013/texmf-dist/fonts/type1/public/amsfonts/cm/cmmi7.pfb></usr/loc
al/texlive/2013/texmf-dist/fonts/type1/public/amsfonts/cm/cmmi8.pfb></usr/local
/texlive/2013/texmf-dist/fonts/type1/public/amsfonts/cm/cmr10.pfb></usr/local/t
exlive/2013/texmf-dist/fonts/type1/public/amsfonts/cm/cmr5.pfb></usr/local/texl
ive/2013/texmf-dist/fonts/type1/public/amsfonts/cm/cmr6.pfb></usr/local/texlive
/2013/texmf-dist/fonts/type1/public/amsfonts/cm/cmr7.pfb></usr/local/texlive/20
13/texmf-dist/fonts/type1/public/amsfonts/cm/cmr8.pfb></usr/local/texlive/2013/
texmf-dist/fonts/type1/public/amsfonts/cm/cmr9.pfb></usr/local/texlive/2013/tex
mf-dist/fonts/type1/public/amsfonts/cm/cmsy10.pfb></usr/local/texlive/2013/texm
f-dist/fonts/type1/public/amsfonts/cm/cmsy6.pfb></usr/local/texlive/2013/texmf-
dist/fonts/type1/public/amsfonts/cm/cmsy7.pfb></usr/local/texlive/2013/texmf-di
st/fonts/type1/public/amsfonts/cm/cmsy8.pfb></usr/local/texlive/2013/texmf-dist
/fonts/type1/public/amsfonts/cm/cmti10.pfb></usr/local/texlive/2013/texmf-dist/
fonts/type1/public/amsfonts/cm/cmti8.pfb></usr/local/texlive/2013/texmf-dist/fo
nts/type1/public/amsfonts/symbols/msam10.pfb>
Output written on lim_may7_v2.pdf (10 pages, 605444 bytes).
PDF statistics:
 225 PDF objects out of 1000 (max. 8388607)
 167 compressed objects within 2 object streams
 0 named destinations out of 1000 (max. 500000)
 56 words of extra memory for PDF output out of 10000 (max. 10000000)

